{"level":"info","message":"Thu Feb 06 2025 20:47:43 GMT+0530 (India Standard Time)-Host:\"application/json, text/plain, */*\"-method:\"GET\"-\"/profile\"-/user/ \"test@gmail.com\"","private":true}
{"level":"info","message":"Thu Feb 06 2025 20:47:52 GMT+0530 (India Standard Time)-Host:\"application/json, text/plain, */*\"-method:\"GET\"-\"/get-suggestions\"-/user/ \"test@gmail.com\"","private":true}
{"level":"info","message":"Thu Feb 06 2025 20:47:52 GMT+0530 (India Standard Time)-Host:\"application/json, text/plain, */*\"-method:\"GET\"-\"/get-suggestions\"-/user/ \"test@gmail.com\"","private":true}
{"level":"info","message":"Thu Feb 06 2025 20:48:13 GMT+0530 (India Standard Time)-Host:\"application/json, text/plain, */*\"-method:\"GET\"-\"/profile\"-/user/ \"test@gmail.com\"","private":true}
{"level":"info","message":"Thu Feb 06 2025 20:48:15 GMT+0530 (India Standard Time)-Host:\"application/json, text/plain, */*\"-method:\"GET\"-\"/profile\"-/user/ \"test@gmail.com\"","private":true}
{"level":"info","message":"Thu Feb 06 2025 20:48:19 GMT+0530 (India Standard Time)-Host:\"application/json, text/plain, */*\"-method:\"GET\"-\"/get-suggestions\"-/user/ \"test@gmail.com\"","private":true}
{"level":"info","message":"Thu Feb 06 2025 20:48:24 GMT+0530 (India Standard Time)-Host:\"application/json, text/plain, */*\"-method:\"GET\"-\"/get-suggestions\"-/user/ \"test@gmail.com\"","private":true}
{"level":"info","message":"Thu Feb 06 2025 20:49:15 GMT+0530 (India Standard Time)-Host:\"application/json, text/plain, */*\"-method:\"GET\"-\"/get-suggestions\"-/user/ \"test@gmail.com\"","private":true}
{"level":"info","message":"Thu Feb 06 2025 20:49:18 GMT+0530 (India Standard Time)-Host:\"application/json, text/plain, */*\"-method:\"GET\"-\"/profile\"-/user/ \"test@gmail.com\"","private":true}
{"level":"info","message":"Thu Feb 06 2025 20:49:22 GMT+0530 (India Standard Time)-Host:\"application/json, text/plain, */*\"-method:\"GET\"-\"/get-suggestions\"-/user/ \"test@gmail.com\"","private":true}
{"level":"info","message":"Thu Feb 06 2025 20:49:25 GMT+0530 (India Standard Time)-Host:\"application/json, text/plain, */*\"-method:\"GET\"-\"/get-suggestions\"-/user/ \"test@gmail.com\"","private":true}
{"level":"info","message":"Thu Feb 06 2025 20:49:26 GMT+0530 (India Standard Time)-Host:\"application/json, text/plain, */*\"-method:\"GET\"-\"/get-suggestions\"-/user/ \"test@gmail.com\"","private":true}
{"level":"info","message":"Thu Feb 06 2025 20:49:28 GMT+0530 (India Standard Time)-Host:\"application/json, text/plain, */*\"-method:\"GET\"-\"/get-suggestions\"-/user/ \"test@gmail.com\"","private":true}
{"level":"info","message":"Thu Feb 06 2025 20:49:28 GMT+0530 (India Standard Time)-Host:\"application/json, text/plain, */*\"-method:\"GET\"-\"/get-suggestions\"-/user/ \"test@gmail.com\"","private":true}
{"level":"info","message":"Thu Feb 06 2025 20:49:29 GMT+0530 (India Standard Time)-Host:\"application/json, text/plain, */*\"-method:\"GET\"-\"/get-suggestions\"-/user/ \"test@gmail.com\"","private":true}
{"level":"info","message":"Thu Feb 06 2025 20:49:31 GMT+0530 (India Standard Time)-Host:\"application/json, text/plain, */*\"-method:\"GET\"-\"/get-suggestions\"-/user/ \"test@gmail.com\"","private":true}
{"level":"info","message":"Thu Feb 06 2025 20:49:34 GMT+0530 (India Standard Time)-Host:\"application/json, text/plain, */*\"-method:\"GET\"-\"/get-suggestions\"-/user/ \"test@gmail.com\"","private":true}
{"level":"info","message":"Thu Feb 06 2025 20:49:37 GMT+0530 (India Standard Time)-Host:\"application/json, text/plain, */*\"-method:\"GET\"-\"/get-suggestions\"-/user/ \"test@gmail.com\"","private":true}
{"level":"info","message":"Thu Feb 06 2025 20:49:40 GMT+0530 (India Standard Time)-Host:\"application/json, text/plain, */*\"-method:\"GET\"-\"/get-suggestions\"-/user/ \"test@gmail.com\"","private":true}
{"level":"info","message":"Thu Feb 06 2025 20:49:48 GMT+0530 (India Standard Time)-Host:\"application/json, text/plain, */*\"-method:\"GET\"-\"/get-suggestions\"-/user/ \"test@gmail.com\"","private":true}
{"level":"info","message":"Thu Feb 06 2025 20:49:53 GMT+0530 (India Standard Time)-Host:\"application/json, text/plain, */*\"-method:\"GET\"-\"/get-suggestions\"-/user/ \"test@gmail.com\"","private":true}
{"level":"info","message":"Thu Feb 06 2025 20:49:56 GMT+0530 (India Standard Time)-Host:\"application/json, text/plain, */*\"-method:\"GET\"-\"/get-suggestions\"-/user/ \"test@gmail.com\"","private":true}
{"level":"info","message":"Thu Feb 06 2025 20:50:05 GMT+0530 (India Standard Time)-Host:\"application/json, text/plain, */*\"-method:\"GET\"-\"/get-suggestions\"-/user/ \"test@gmail.com\"","private":true}
{"level":"info","message":"Thu Feb 06 2025 20:50:09 GMT+0530 (India Standard Time)-Host:\"application/json, text/plain, */*\"-method:\"GET\"-\"/get-suggestions\"-/user/ \"test@gmail.com\"","private":true}
{"level":"info","message":"Thu Feb 06 2025 20:50:58 GMT+0530 (India Standard Time)-Host:\"application/json, text/plain, */*\"-method:\"GET\"-\"/get-suggestions\"-/user/ \"test@gmail.com\"","private":true}
{"level":"info","message":"Thu Feb 06 2025 20:51:01 GMT+0530 (India Standard Time)-Host:\"application/json, text/plain, */*\"-method:\"GET\"-\"/get-suggestions\"-/user/ \"test@gmail.com\"","private":true}
{"level":"info","message":"Thu Feb 06 2025 21:26:25 GMT+0530 (India Standard Time)-Host:\"application/json, text/plain, */*\"-method:\"GET\"-\"/get-suggestions\"-/user/ \"test@gmail.com\"","private":true}
{"level":"info","message":"Thu Feb 06 2025 21:26:35 GMT+0530 (India Standard Time)-Host:\"application/json, text/plain, */*\"-method:\"GET\"-\"/profile\"-/user/ \"test@gmail.com\"","private":true}
{"level":"info","message":"Thu Feb 06 2025 21:26:40 GMT+0530 (India Standard Time)-Host:\"application/json, text/plain, */*\"-method:\"GET\"-\"/get-suggestions\"-/user/ \"test@gmail.com\"","private":true}
{"level":"info","message":"Thu Feb 06 2025 21:33:06 GMT+0530 (India Standard Time)-Host:\"application/json, text/plain, */*\"-method:\"GET\"-\"/get-suggestions\"-/user/ \"test@gmail.com\"","private":true}
{"level":"info","message":"Thu Feb 06 2025 21:34:34 GMT+0530 (India Standard Time)-Host:\"application/json, text/plain, */*\"-method:\"GET\"-\"/get-suggestions\"-/user/ \"test@gmail.com\"","private":true}
{"level":"info","message":"Thu Feb 06 2025 21:34:47 GMT+0530 (India Standard Time)-Host:\"application/json, text/plain, */*\"-method:\"GET\"-\"/get-suggestions\"-/user/ \"test@gmail.com\"","private":true}
{"level":"info","message":"Thu Feb 06 2025 21:34:53 GMT+0530 (India Standard Time)-Host:\"application/json, text/plain, */*\"-method:\"GET\"-\"/profile\"-/user/ \"test@gmail.com\"","private":true}
{"level":"info","message":"Thu Feb 06 2025 21:34:59 GMT+0530 (India Standard Time)-Host:\"application/json, text/plain, */*\"-method:\"GET\"-\"/get-suggestions\"-/user/ \"test@gmail.com\"","private":true}
{"level":"info","message":"Thu Feb 06 2025 21:35:02 GMT+0530 (India Standard Time)-Host:\"application/json, text/plain, */*\"-method:\"GET\"-\"/get-suggestions\"-/user/ \"test@gmail.com\"","private":true}
{"level":"info","message":"Thu Feb 06 2025 21:35:49 GMT+0530 (India Standard Time)-Host:\"application/json, text/plain, */*\"-method:\"GET\"-\"/get-suggestions\"-/user/ \"test@gmail.com\"","private":true}
{"level":"info","message":"Thu Feb 06 2025 21:35:49 GMT+0530 (India Standard Time)-Host:\"application/json, text/plain, */*\"-method:\"GET\"-\"/get-suggestions\"-/user/ \"test@gmail.com\"","private":true}
{"level":"info","message":"Thu Feb 06 2025 21:35:51 GMT+0530 (India Standard Time)-Host:\"application/json, text/plain, */*\"-method:\"GET\"-\"/profile\"-/user/ \"test@gmail.com\"","private":true}
{"level":"info","message":"Thu Feb 06 2025 21:35:58 GMT+0530 (India Standard Time)-Host:\"application/json, text/plain, */*\"-method:\"GET\"-\"/get-suggestions\"-/user/ \"test@gmail.com\"","private":true}
{"level":"info","message":"Thu Feb 06 2025 21:35:58 GMT+0530 (India Standard Time)-Host:\"application/json, text/plain, */*\"-method:\"GET\"-\"/get-suggestions\"-/user/ \"test@gmail.com\"","private":true}
{"level":"info","message":"Thu Feb 06 2025 21:36:00 GMT+0530 (India Standard Time)-Host:\"application/json, text/plain, */*\"-method:\"GET\"-\"/get-suggestions\"-/user/ \"test@gmail.com\"","private":true}
{"level":"info","message":"Thu Feb 06 2025 21:36:00 GMT+0530 (India Standard Time)-Host:\"application/json, text/plain, */*\"-method:\"GET\"-\"/get-suggestions\"-/user/ \"test@gmail.com\"","private":true}
{"level":"info","message":"Thu Feb 06 2025 21:36:21 GMT+0530 (India Standard Time)-Host:\"application/json, text/plain, */*\"-method:\"GET\"-\"/get-suggestions\"-/user/ \"test@gmail.com\"","private":true}
{"level":"info","message":"Thu Feb 06 2025 21:36:21 GMT+0530 (India Standard Time)-Host:\"application/json, text/plain, */*\"-method:\"GET\"-\"/get-suggestions\"-/user/ \"test@gmail.com\"","private":true}
{"level":"info","message":"Thu Feb 06 2025 21:36:23 GMT+0530 (India Standard Time)-Host:\"application/json, text/plain, */*\"-method:\"GET\"-\"/profile\"-/user/ \"test@gmail.com\"","private":true}
{"level":"info","message":"Thu Feb 06 2025 21:36:31 GMT+0530 (India Standard Time)-Host:\"application/json, text/plain, */*\"-method:\"GET\"-\"/get-suggestions\"-/user/ \"test@gmail.com\"","private":true}
{"level":"info","message":"Thu Feb 06 2025 21:36:31 GMT+0530 (India Standard Time)-Host:\"application/json, text/plain, */*\"-method:\"GET\"-\"/get-suggestions\"-/user/ \"test@gmail.com\"","private":true}
{"level":"info","message":"Thu Feb 06 2025 21:36:33 GMT+0530 (India Standard Time)-Host:\"application/json, text/plain, */*\"-method:\"GET\"-\"/get-suggestions\"-/user/ \"test@gmail.com\"","private":true}
{"level":"info","message":"Thu Feb 06 2025 21:36:33 GMT+0530 (India Standard Time)-Host:\"application/json, text/plain, */*\"-method:\"GET\"-\"/get-suggestions\"-/user/ \"test@gmail.com\"","private":true}
{"level":"info","message":"Thu Feb 06 2025 21:36:52 GMT+0530 (India Standard Time)-Host:\"application/json, text/plain, */*\"-method:\"GET\"-\"/profile\"-/user/ \"test@gmail.com\"","private":true}
{"level":"info","message":"Thu Feb 06 2025 21:38:04 GMT+0530 (India Standard Time)-Host:\"application/json, text/plain, */*\"-method:\"GET\"-\"/profile\"-/user/ \"test@gmail.com\"","private":true}
{"level":"info","message":"Thu Feb 06 2025 21:38:15 GMT+0530 (India Standard Time)-Host:\"application/json, text/plain, */*\"-method:\"GET\"-\"/get-suggestions\"-/user/ \"test@gmail.com\"","private":true}
{"level":"info","message":"Thu Feb 06 2025 21:38:15 GMT+0530 (India Standard Time)-Host:\"application/json, text/plain, */*\"-method:\"GET\"-\"/get-suggestions\"-/user/ \"test@gmail.com\"","private":true}
{"level":"info","message":"Thu Feb 06 2025 21:38:18 GMT+0530 (India Standard Time)-Host:\"application/json, text/plain, */*\"-method:\"GET\"-\"/get-suggestions\"-/user/ \"test@gmail.com\"","private":true}
{"level":"info","message":"Thu Feb 06 2025 21:38:18 GMT+0530 (India Standard Time)-Host:\"application/json, text/plain, */*\"-method:\"GET\"-\"/get-suggestions\"-/user/ \"test@gmail.com\"","private":true}
{"level":"info","message":"Thu Feb 06 2025 21:38:41 GMT+0530 (India Standard Time)-Host:\"application/json, text/plain, */*\"-method:\"GET\"-\"/get-fare\"-/user/ \"test@gmail.com\"","private":true}
{"level":"info","message":"Thu Feb 06 2025 21:38:46 GMT+0530 (India Standard Time)-Host:\"application/json, text/plain, */*\"-method:\"GET\"-\"/profile\"-/user/ \"test@gmail.com\"","private":true}
{"level":"info","message":"Thu Feb 06 2025 21:38:53 GMT+0530 (India Standard Time)-Host:\"application/json, text/plain, */*\"-method:\"GET\"-\"/get-suggestions\"-/user/ \"test@gmail.com\"","private":true}
{"level":"info","message":"Thu Feb 06 2025 21:38:53 GMT+0530 (India Standard Time)-Host:\"application/json, text/plain, */*\"-method:\"GET\"-\"/get-suggestions\"-/user/ \"test@gmail.com\"","private":true}
{"level":"info","message":"Thu Feb 06 2025 21:38:56 GMT+0530 (India Standard Time)-Host:\"application/json, text/plain, */*\"-method:\"GET\"-\"/get-suggestions\"-/user/ \"test@gmail.com\"","private":true}
{"level":"info","message":"Thu Feb 06 2025 21:38:56 GMT+0530 (India Standard Time)-Host:\"application/json, text/plain, */*\"-method:\"GET\"-\"/get-suggestions\"-/user/ \"test@gmail.com\"","private":true}
{"level":"info","message":"Thu Feb 06 2025 21:39:46 GMT+0530 (India Standard Time)-Host:\"application/json, text/plain, */*\"-method:\"GET\"-\"/get-suggestions\"-/user/ \"test@gmail.com\"","private":true}
{"level":"info","message":"Thu Feb 06 2025 21:39:46 GMT+0530 (India Standard Time)-Host:\"application/json, text/plain, */*\"-method:\"GET\"-\"/get-suggestions\"-/user/ \"test@gmail.com\"","private":true}
{"level":"info","message":"Thu Feb 06 2025 21:39:54 GMT+0530 (India Standard Time)-Host:\"application/json, text/plain, */*\"-method:\"GET\"-\"/get-suggestions\"-/user/ \"test@gmail.com\"","private":true}
{"level":"info","message":"Thu Feb 06 2025 21:39:54 GMT+0530 (India Standard Time)-Host:\"application/json, text/plain, */*\"-method:\"GET\"-\"/get-suggestions\"-/user/ \"test@gmail.com\"","private":true}
{"level":"info","message":"Thu Feb 06 2025 21:39:57 GMT+0530 (India Standard Time)-Host:\"application/json, text/plain, */*\"-method:\"GET\"-\"/profile\"-/user/ \"test@gmail.com\"","private":true}
{"level":"info","message":"Thu Feb 06 2025 21:40:20 GMT+0530 (India Standard Time)-Host:\"application/json, text/plain, */*\"-method:\"GET\"-\"/profile\"-/user/ \"test@gmail.com\"","private":true}
{"level":"info","message":"Thu Feb 06 2025 21:40:35 GMT+0530 (India Standard Time)-Host:\"application/json, text/plain, */*\"-method:\"GET\"-\"/profile\"-/user/ \"test@gmail.com\"","private":true}
{"level":"info","message":"Thu Feb 06 2025 21:41:04 GMT+0530 (India Standard Time)-Host:\"application/json, text/plain, */*\"-method:\"GET\"-\"/get-suggestions\"-/user/ \"test@gmail.com\"","private":true}
{"level":"info","message":"Thu Feb 06 2025 21:41:16 GMT+0530 (India Standard Time)-Host:\"application/json, text/plain, */*\"-method:\"GET\"-\"/profile\"-/user/ \"test@gmail.com\"","private":true}
{"level":"info","message":"Thu Feb 06 2025 21:42:07 GMT+0530 (India Standard Time)-Host:\"application/json, text/plain, */*\"-method:\"GET\"-\"/profile\"-/user/ \"test@gmail.com\"","private":true}
{"level":"info","message":"Thu Feb 06 2025 21:42:44 GMT+0530 (India Standard Time)-Host:\"application/json, text/plain, */*\"-method:\"GET\"-\"/profile\"-/user/ \"test@gmail.com\"","private":true}
{"level":"info","message":"Thu Feb 06 2025 21:42:51 GMT+0530 (India Standard Time)-Host:\"application/json, text/plain, */*\"-method:\"GET\"-\"/get-suggestions\"-/user/ \"test@gmail.com\"","private":true}
{"level":"info","message":"Thu Feb 06 2025 21:42:54 GMT+0530 (India Standard Time)-Host:\"application/json, text/plain, */*\"-method:\"GET\"-\"/get-suggestions\"-/user/ \"test@gmail.com\"","private":true}
{"level":"info","message":"Thu Feb 06 2025 21:43:21 GMT+0530 (India Standard Time)-Host:\"application/json, text/plain, */*\"-method:\"GET\"-\"/get-suggestions\"-/user/ \"test@gmail.com\"","private":true}
{"level":"info","message":"Thu Feb 06 2025 21:43:21 GMT+0530 (India Standard Time)-Host:\"application/json, text/plain, */*\"-method:\"GET\"-\"/get-suggestions\"-/user/ \"test@gmail.com\"","private":true}
{"level":"info","message":"Thu Feb 06 2025 21:43:24 GMT+0530 (India Standard Time)-Host:\"application/json, text/plain, */*\"-method:\"GET\"-\"/get-suggestions\"-/user/ \"test@gmail.com\"","private":true}
{"level":"info","message":"Thu Feb 06 2025 21:43:24 GMT+0530 (India Standard Time)-Host:\"application/json, text/plain, */*\"-method:\"GET\"-\"/get-suggestions\"-/user/ \"test@gmail.com\"","private":true}
{"level":"info","message":"Thu Feb 06 2025 21:48:41 GMT+0530 (India Standard Time)-Host:\"application/json, text/plain, */*\"-method:\"GET\"-\"/profile\"-/user/ \"test@gmail.com\"","private":true}
{"level":"info","message":"Thu Feb 06 2025 21:49:24 GMT+0530 (India Standard Time)-Host:\"application/json, text/plain, */*\"-method:\"GET\"-\"/profile\"-/user/ \"test@gmail.com\"","private":true}
{"level":"info","message":"Thu Feb 06 2025 21:49:36 GMT+0530 (India Standard Time)-Host:\"application/json, text/plain, */*\"-method:\"GET\"-\"/profile\"-/user/ \"test@gmail.com\"","private":true}
{"level":"info","message":"Thu Feb 06 2025 21:50:05 GMT+0530 (India Standard Time)-Host:\"application/json, text/plain, */*\"-method:\"GET\"-\"/get-suggestions\"-/user/ \"test@gmail.com\"","private":true}
{"level":"info","message":"Thu Feb 06 2025 21:50:08 GMT+0530 (India Standard Time)-Host:\"application/json, text/plain, */*\"-method:\"GET\"-\"/get-suggestions\"-/user/ \"test@gmail.com\"","private":true}
{"level":"info","message":"Thu Feb 06 2025 21:50:10 GMT+0530 (India Standard Time)-Host:\"application/json, text/plain, */*\"-method:\"GET\"-\"/get-suggestions\"-/user/ \"test@gmail.com\"","private":true}
{"level":"info","message":"Thu Feb 06 2025 21:50:10 GMT+0530 (India Standard Time)-Host:\"application/json, text/plain, */*\"-method:\"GET\"-\"/get-suggestions\"-/user/ \"test@gmail.com\"","private":true}
{"level":"info","message":"Thu Feb 06 2025 21:50:10 GMT+0530 (India Standard Time)-Host:\"application/json, text/plain, */*\"-method:\"GET\"-\"/get-suggestions\"-/user/ \"test@gmail.com\"","private":true}
{"level":"info","message":"Thu Feb 06 2025 21:50:10 GMT+0530 (India Standard Time)-Host:\"application/json, text/plain, */*\"-method:\"GET\"-\"/get-suggestions\"-/user/ \"test@gmail.com\"","private":true}
{"level":"info","message":"Thu Feb 06 2025 21:50:11 GMT+0530 (India Standard Time)-Host:\"application/json, text/plain, */*\"-method:\"GET\"-\"/get-suggestions\"-/user/ \"test@gmail.com\"","private":true}
{"level":"info","message":"Thu Feb 06 2025 21:50:11 GMT+0530 (India Standard Time)-Host:\"application/json, text/plain, */*\"-method:\"GET\"-\"/get-suggestions\"-/user/ \"test@gmail.com\"","private":true}
{"level":"info","message":"Thu Feb 06 2025 21:50:11 GMT+0530 (India Standard Time)-Host:\"application/json, text/plain, */*\"-method:\"GET\"-\"/get-suggestions\"-/user/ \"test@gmail.com\"","private":true}
{"level":"info","message":"Thu Feb 06 2025 21:50:11 GMT+0530 (India Standard Time)-Host:\"application/json, text/plain, */*\"-method:\"GET\"-\"/get-suggestions\"-/user/ \"test@gmail.com\"","private":true}
{"level":"info","message":"Thu Feb 06 2025 21:50:11 GMT+0530 (India Standard Time)-Host:\"application/json, text/plain, */*\"-method:\"GET\"-\"/get-suggestions\"-/user/ \"test@gmail.com\"","private":true}
{"level":"info","message":"Thu Feb 06 2025 21:50:14 GMT+0530 (India Standard Time)-Host:\"application/json, text/plain, */*\"-method:\"GET\"-\"/profile\"-/user/ \"test@gmail.com\"","private":true}
{"level":"info","message":"Thu Feb 06 2025 21:50:33 GMT+0530 (India Standard Time)-Host:\"application/json, text/plain, */*\"-method:\"GET\"-\"/profile\"-/user/ \"test@gmail.com\"","private":true}
{"level":"info","message":"Thu Feb 06 2025 21:51:13 GMT+0530 (India Standard Time)-Host:\"application/json, text/plain, */*\"-method:\"GET\"-\"/get-suggestions\"-/user/ \"test@gmail.com\"","private":true}
{"level":"info","message":"Thu Feb 06 2025 21:51:40 GMT+0530 (India Standard Time)-Host:\"application/json, text/plain, */*\"-method:\"GET\"-\"/get-suggestions\"-/user/ \"test@gmail.com\"","private":true}
{"level":"info","message":"Thu Feb 06 2025 21:51:44 GMT+0530 (India Standard Time)-Host:\"application/json, text/plain, */*\"-method:\"GET\"-\"/profile\"-/user/ \"test@gmail.com\"","private":true}
{"level":"info","message":"Thu Feb 06 2025 21:51:49 GMT+0530 (India Standard Time)-Host:\"application/json, text/plain, */*\"-method:\"GET\"-\"/get-suggestions\"-/user/ \"test@gmail.com\"","private":true}
{"level":"info","message":"Thu Feb 06 2025 21:51:53 GMT+0530 (India Standard Time)-Host:\"application/json, text/plain, */*\"-method:\"GET\"-\"/profile\"-/user/ \"test@gmail.com\"","private":true}
{"level":"info","message":"Thu Feb 06 2025 21:51:59 GMT+0530 (India Standard Time)-Host:\"application/json, text/plain, */*\"-method:\"GET\"-\"/get-suggestions\"-/user/ \"test@gmail.com\"","private":true}
{"level":"info","message":"Thu Feb 06 2025 21:52:02 GMT+0530 (India Standard Time)-Host:\"application/json, text/plain, */*\"-method:\"GET\"-\"/get-suggestions\"-/user/ \"test@gmail.com\"","private":true}
{"level":"info","message":"Thu Feb 06 2025 21:52:06 GMT+0530 (India Standard Time)-Host:\"application/json, text/plain, */*\"-method:\"GET\"-\"/get-suggestions\"-/user/ \"test@gmail.com\"","private":true}
{"level":"info","message":"Thu Feb 06 2025 21:52:09 GMT+0530 (India Standard Time)-Host:\"application/json, text/plain, */*\"-method:\"GET\"-\"/get-suggestions\"-/user/ \"test@gmail.com\"","private":true}
{"level":"info","message":"Thu Feb 06 2025 21:52:10 GMT+0530 (India Standard Time)-Host:\"application/json, text/plain, */*\"-method:\"GET\"-\"/get-fare\"-/user/ \"test@gmail.com\"","private":true}
{"level":"info","message":"Thu Feb 06 2025 21:52:18 GMT+0530 (India Standard Time)-Host:\"application/json, text/plain, */*\"-method:\"GET\"-\"/get-suggestions\"-/user/ \"test@gmail.com\"","private":true}
{"level":"info","message":"Thu Feb 06 2025 21:52:18 GMT+0530 (India Standard Time)-Host:\"application/json, text/plain, */*\"-method:\"GET\"-\"/get-suggestions\"-/user/ \"test@gmail.com\"","private":true}
{"level":"info","message":"Thu Feb 06 2025 21:52:19 GMT+0530 (India Standard Time)-Host:\"Mozilla/5.0 (Linux; Android 8.0.0; SM-G955U Build/R16NW) AppleWebKit/537.36 (KHTML, like Gecko) Chrome/116.0.0.0 Mobile Safari/537.36 Edg/132.0.0.0\"-method:\"POST\"-\"/create\"-/user/ \"test@gmail.com\"","private":true}
{"level":"info","message":"Thu Feb 06 2025 21:52:22 GMT+0530 (India Standard Time)-Host:\"application/json, text/plain, */*\"-method:\"GET\"-\"/profile\"-/user/ \"test@gmail.com\"","private":true}
{"level":"info","message":"Thu Feb 06 2025 21:52:35 GMT+0530 (India Standard Time)-Host:\"application/json, text/plain, */*\"-method:\"GET\"-\"/get-suggestions\"-/user/ \"test@gmail.com\"","private":true}
{"level":"info","message":"Thu Feb 06 2025 21:52:39 GMT+0530 (India Standard Time)-Host:\"application/json, text/plain, */*\"-method:\"GET\"-\"/get-suggestions\"-/user/ \"test@gmail.com\"","private":true}
{"level":"info","message":"Thu Feb 06 2025 21:52:44 GMT+0530 (India Standard Time)-Host:\"application/json, text/plain, */*\"-method:\"GET\"-\"/get-suggestions\"-/user/ \"test@gmail.com\"","private":true}
{"level":"info","message":"Thu Feb 06 2025 21:52:46 GMT+0530 (India Standard Time)-Host:\"application/json, text/plain, */*\"-method:\"GET\"-\"/get-suggestions\"-/user/ \"test@gmail.com\"","private":true}
{"level":"info","message":"Thu Feb 06 2025 21:52:47 GMT+0530 (India Standard Time)-Host:\"application/json, text/plain, */*\"-method:\"GET\"-\"/get-fare\"-/user/ \"test@gmail.com\"","private":true}
{"level":"info","message":"Thu Feb 06 2025 21:52:54 GMT+0530 (India Standard Time)-Host:\"application/json, text/plain, */*\"-method:\"GET\"-\"/get-suggestions\"-/user/ \"test@gmail.com\"","private":true}
{"level":"info","message":"Thu Feb 06 2025 21:52:54 GMT+0530 (India Standard Time)-Host:\"application/json, text/plain, */*\"-method:\"GET\"-\"/get-suggestions\"-/user/ \"test@gmail.com\"","private":true}
{"level":"info","message":"Thu Feb 06 2025 21:52:56 GMT+0530 (India Standard Time)-Host:\"Mozilla/5.0 (Windows NT 10.0; Win64; x64) AppleWebKit/537.36 (KHTML, like Gecko) Chrome/132.0.0.0 Safari/537.36 Edg/132.0.0.0\"-method:\"POST\"-\"/create\"-/user/ \"test@gmail.com\"","private":true}
{"level":"info","message":"Thu Feb 06 2025 21:53:00 GMT+0530 (India Standard Time)-Host:\"application/json, text/plain, */*\"-method:\"GET\"-\"/profile\"-/user/ \"test@gmail.com\"","private":true}
{"level":"info","message":"Thu Feb 06 2025 21:53:41 GMT+0530 (India Standard Time)-Host:\"application/json, text/plain, */*\"-method:\"GET\"-\"/profile\"-/user/ \"test@gmail.com\"","private":true}
